<?xml version="1.0" encoding="UTF-8"?>
<!-- Licensed to the Apache Software Foundation (ASF) under one or more contributor license agreements. See the NOTICE file distributed with this work for additional
    information regarding copyright ownership. The ASF licenses this file to You under the Apache License, Version 2.0 (the "License"); you may not use this file except
    in compliance with the License. You may obtain a copy of the License at http://www.apache.org/licenses/LICENSE-2.0 Unless required by applicable law or agreed to
    in writing, software distributed under the License is distributed on an "AS IS" BASIS, WITHOUT WARRANTIES OR CONDITIONS OF ANY KIND, either express or impWlied.
    See the License for the specific language governing permissions and limitations under the License. -->

<persistence version="2.0" xmlns="http://java.sun.com/xml/ns/persistence" xmlns:xsi="http://www.w3.org/2001/XMLSchema-instance"
    xsi:schemaLocation="http://java.sun.com/xml/ns/persistence http://java.sun.com/xml/ns/persistence/persistence_2_0.xsd">
    <persistence-unit name="aem-unit" transaction-type="RESOURCE_LOCAL">
        <provider>org.apache.openjpa.persistence.PersistenceProviderImpl</provider>

        <class>com.siemens.cto.aem.persistence.jpa.domain.AbstractEntity</class>
        <class>com.siemens.cto.aem.persistence.jpa.domain.JpaGroup</class>
        <class>com.siemens.cto.aem.persistence.jpa.domain.JpaJvm</class>
        <class>com.siemens.cto.aem.persistence.jpa.domain.JpaWebServer</class>
        <class>com.siemens.cto.aem.persistence.jpa.domain.JpaJvmControlHistory</class>
        <class>com.siemens.cto.aem.persistence.jpa.domain.JpaApplication</class>
        <class>com.siemens.cto.aem.persistence.jpa.domain.JpaWebServerControlHistory</class>
        <class>com.siemens.cto.aem.persistence.jpa.domain.JpaCurrentState</class>
        <class>com.siemens.cto.aem.persistence.jpa.domain.JpaCurrentStateId</class>
        <exclude-unlisted-classes>true</exclude-unlisted-classes>
        <properties>
            <!-- required to generate foreign key constraints
            <property name="openjpa.jdbc.MappingDefaults" value="ForeignKeyDeleteAction=restrict,JoinForeignKeyDeleteAction=restrict"/>
            <property name="openjpa.jdbc.MappingDefaults" value="jpa"/>
             -->
            <property name="openjpa.jdbc.MappingDefaults" value="jpa(ForeignKeyDeleteAction=restrict,JoinForeignKeyDeleteAction=restrict,IndexLogicalForeignKeys=true)"/>
            <!--<property name="openjpa.ConnectionFactoryProperties" value="PrintParameters=true" />-->
            <property name="openjpa.Log" value="DefaultLevel=WARN, Tool=WARN, SQL=WARN" />
            <property name="openjpa.RuntimeUnenhancedClasses" value="unsupported"/>
            <!-- Use this to view SQL prepared statements -->
            <!--<property name="openjpa.Log" value="File=c:/temp/aem.db.trace.log, DefaultLevel=WARN, Tool=INFO, SQL=TRACE, RUNTIME=TRACE"/> -->
            <property name="openjpa.jdbc.SynchronizeMappings" value="buildSchema(ForeignKeys=true)"/>
            <property name="openjpa.jdbc.DBDictionary" value="org.apache.openjpa.jdbc.sql.H2Dictionary"/>
            <!--Keep below-->
            <!--<property name="openjpa.TransactionMode" value="managed"/>-->
            <!--<property name="openjpa.ManagedRuntime" value="jndi(TransactionManagerName=java:comp/UserTransaction)"/>-->
        </properties>
    </persistence-unit>
</persistence>
